Arguments: 
  /usr/local/bin/node /usr/local/Cellar/yarn/1.16.0/libexec/bin/yarn.js

PATH: 
  /Users/yugamdhuriya/.cargo/bin:/usr/local/bin:/usr/bin:/bin:/usr/sbin:/sbin

Yarn version: 
  1.16.0

Node version: 
  10.15.3

Platform: 
  darwin x64

Trace: 
  SyntaxError: /Users/yugamdhuriya/Documents/lmonix/package.json: Unexpected token } in JSON at position 971
      at JSON.parse (<anonymous>)
      at /usr/local/Cellar/yarn/1.16.0/libexec/lib/cli.js:1625:59
      at Generator.next (<anonymous>)
      at step (/usr/local/Cellar/yarn/1.16.0/libexec/lib/cli.js:304:30)
      at /usr/local/Cellar/yarn/1.16.0/libexec/lib/cli.js:315:13

npm manifest: 
  {
    "name": "lmonix",
    "version": "1.0.0",
    "description": "",
    "main": "public/electron.js",
    "repository": {
      "type": "git",
      "url": "git+https://github.com/pizza3/lmonix.git"
    },
    "author": "",
    "license": "ISC",
    "bugs": {
      "url": "https://github.com/pizza3/lmonix/issues"
    },
    "homepage": "./",
    "dependencies": {
      "aframe": "^0.9.0",
      "aframe-react": "^4.4.0",
      "antd": "^3.14.1",
      "axios": "^0.18.0",
      "cross-env": "^5.2.0",
      "electron-is-dev": "^1.0.1",
      "express": "^4.17.1",
      "fs-extra": "^7.0.1",
      "jsdom": "15.1.1",
      "load-bmfont": "^1.4.0",
      "lodash": "^4.17.11",
      "monaco-editor": "^0.17.1",
      "rc-trigger": "^2.6.2",
      "react": "^16.8.3",
      "react-dom": "^16.8.3",
      "react-router-dom": "^4.3.1",
      "react-scripts": "2.1.5",
      "styled-components": "^4.1.3",
      "three": "^0.102.1",
      "three-bmfont-text": "^2.3.0",
      "three-mtl-loader": "^1.0.2",
      "three-obj-loader": "^1.1.3",
    },
    "scripts": {
      "react-start": "PORT=3006 react-scripts start",
      "react-build": "react-scripts build",
      "react-test": "react-scripts test --env=jsdom",
      "react-eject": "react-scripts eject",
      "electron-build": "electron-builder",
      "release": "yarn react-build && electron-builder --publish=always",
      "build": "yarn react-build && yarn electron-build",
      "start": "concurrently \"cross-env BROWSER=none yarn react-start\" \"wait-on http://localhost:3006 && electron .\""
    },
    "eslintConfig": {
      "extends": "react-app"
    },
    "browserslist": [
      ">0.2%",
      "not dead",
      "not ie <= 11",
      "not op_mini all"
    ],
    "devDependencies": {
      "concurrently": "^4.1.0",
      "electron": "^4.0.6",
      "electron-builder": "^20.38.5",
      "typescript": "^3.5.3",
      "wait-on": "^3.2.0"
    }
  }

yarn manifest: 
  No manifest

Lockfile: 
  No lockfile
